0 info it worked if it ends with ok
1 verbose cli [ 'node', '/usr/local/bin/npm', 'install', '-g', 'karma' ]
2 info using npm@1.4.14
3 info using node@v0.10.29
4 verbose cache add [ 'karma', null ]
5 verbose cache add name=undefined spec="karma" args=["karma",null]
6 verbose parsed url { protocol: null,
6 verbose parsed url   slashes: null,
6 verbose parsed url   auth: null,
6 verbose parsed url   host: null,
6 verbose parsed url   port: null,
6 verbose parsed url   hostname: null,
6 verbose parsed url   hash: null,
6 verbose parsed url   search: null,
6 verbose parsed url   query: null,
6 verbose parsed url   pathname: 'karma',
6 verbose parsed url   path: 'karma',
6 verbose parsed url   href: 'karma' }
7 silly lockFile 512423cb-karma karma
8 verbose lock karma /Users/caleb.king/.npm/512423cb-karma.lock
9 silly lockFile 512423cb-karma karma
10 silly lockFile 512423cb-karma karma
11 verbose addNamed [ 'karma', '' ]
12 verbose addNamed [ null, '*' ]
13 silly lockFile cd7961bb-karma karma@
14 verbose lock karma@ /Users/caleb.king/.npm/cd7961bb-karma.lock
15 silly addNameRange { name: 'karma', range: '*', hasData: false }
16 verbose url raw karma
17 verbose url resolving [ 'https://registry.npmjs.org/', './karma' ]
18 verbose url resolved https://registry.npmjs.org/karma
19 info trying registry request attempt 1 at 15:39:34
20 verbose etag "19C9LXUZUB46JYRC3M6MAJXW0"
21 http GET https://registry.npmjs.org/karma
22 http 304 https://registry.npmjs.org/karma
23 silly registry.get cb [ 304,
23 silly registry.get   { date: 'Thu, 18 Jun 2015 22:39:34 GMT',
23 silly registry.get     via: '1.1 varnish',
23 silly registry.get     'cache-control': 'max-age=60',
23 silly registry.get     etag: '"19C9LXUZUB46JYRC3M6MAJXW0"',
23 silly registry.get     age: '3',
23 silly registry.get     connection: 'keep-alive',
23 silly registry.get     'x-served-by': 'cache-jfk1025-JFK',
23 silly registry.get     'x-cache': 'HIT',
23 silly registry.get     'x-cache-hits': '1',
23 silly registry.get     'x-timer': 'S1434667174.547754,VS0,VE5',
23 silly registry.get     vary: 'Accept' } ]
24 verbose etag karma from cache
25 silly addNameRange number 2 { name: 'karma', range: '*', hasData: true }
26 silly addNameRange versions [ 'karma',
26 silly addNameRange   [ '0.8.0',
26 silly addNameRange     '0.9.0-dart',
26 silly addNameRange     '0.8.1',
26 silly addNameRange     '0.8.2',
26 silly addNameRange     '0.8.3',
26 silly addNameRange     '0.9.0',
26 silly addNameRange     '0.8.4',
26 silly addNameRange     '0.9.1',
26 silly addNameRange     '0.8.5',
26 silly addNameRange     '0.9.2',
26 silly addNameRange     '0.9.2-dart',
26 silly addNameRange     '0.9.3',
26 silly addNameRange     '0.8.6',
26 silly addNameRange     '0.9.4',
26 silly addNameRange     '0.8.7',
26 silly addNameRange     '0.9.5',
26 silly addNameRange     '0.9.6',
26 silly addNameRange     '0.8.8',
26 silly addNameRange     '0.9.7',
26 silly addNameRange     '0.9.8',
26 silly addNameRange     '0.10.0',
26 silly addNameRange     '0.10.1',
26 silly addNameRange     '0.10.2',
26 silly addNameRange     '0.11.0',
26 silly addNameRange     '0.11.1',
26 silly addNameRange     '0.10.3',
26 silly addNameRange     '0.10.4',
26 silly addNameRange     '0.11.2',
26 silly addNameRange     '0.11.3',
26 silly addNameRange     '0.10.5',
26 silly addNameRange     '0.11.4',
26 silly addNameRange     '0.11.5',
26 silly addNameRange     '0.10.6',
26 silly addNameRange     '0.11.6',
26 silly addNameRange     '0.10.7',
26 silly addNameRange     '0.11.7',
26 silly addNameRange     '0.11.8',
26 silly addNameRange     '0.11.9',
26 silly addNameRange     '0.10.8',
26 silly addNameRange     '0.11.10',
26 silly addNameRange     '0.11.11',
26 silly addNameRange     '0.11.12',
26 silly addNameRange     '0.11.11-dev',
26 silly addNameRange     '0.10.9',
26 silly addNameRange     '0.11.12-dev',
26 silly addNameRange     '0.11.12-dev2',
26 silly addNameRange     '0.11.13',
26 silly addNameRange     '0.11.14',
26 silly addNameRange     '0.12.0',
26 silly addNameRange     '0.10.10',
26 silly addNameRange     '0.12.1',
26 silly addNameRange     '0.12.2',
26 silly addNameRange     '0.12.3',
26 silly addNameRange     '0.12.4',
26 silly addNameRange     '0.12.5',
26 silly addNameRange     '0.12.6',
26 silly addNameRange     '0.12.6-beta-43e6e28',
26 silly addNameRange     '0.12.7',
26 silly addNameRange     '0.12.8',
26 silly addNameRange     '0.12.9',
26 silly addNameRange     '0.12.10',
26 silly addNameRange     '0.12.11',
26 silly addNameRange     '0.12.12',
26 silly addNameRange     '0.12.11-beta-3029418',
26 silly addNameRange     '0.12.13',
26 silly addNameRange     '0.12.14',
26 silly addNameRange     '0.12.15',
26 silly addNameRange     '0.12.16',
26 silly addNameRange     '0.12.16-beta-905422d',
26 silly addNameRange     '0.12.17',
26 silly addNameRange     '0.12.18',
26 silly addNameRange     '0.12.19',
26 silly addNameRange     '0.12.20',
26 silly addNameRange     '0.12.21',
26 silly addNameRange     '0.12.22',
26 silly addNameRange     '0.12.23',
26 silly addNameRange     '0.12.24',
26 silly addNameRange     '0.12.24-beta-6cf7955',
26 silly addNameRange     '0.12.25',
26 silly addNameRange     '0.12.25-beta-37a7958',
26 silly addNameRange     '0.12.25-beta-ad5bc24',
26 silly addNameRange     '0.12.26',
26 silly addNameRange     '0.12.27',
26 silly addNameRange     '0.12.28',
26 silly addNameRange     '0.12.28-beta-b9be580',
26 silly addNameRange     '0.12.29',
26 silly addNameRange     '0.12.30',
26 silly addNameRange     '0.12.31',
26 silly addNameRange     '0.12.28-beta-f65c864',
26 silly addNameRange     '0.12.24-dev-test',
26 silly addNameRange     '0.12.24-dev-socketio10',
26 silly addNameRange     '0.12.24-dev-socketio10-2',
26 silly addNameRange     '0.12.32-beta.0',
26 silly addNameRange     '0.12.32',
26 silly addNameRange     '0.13.0-rc.0',
26 silly addNameRange     '0.12.33',
26 silly addNameRange     '0.13.0-rc.1',
26 silly addNameRange     '0.12.34',
26 silly addNameRange     '0.13.0-rc.2',
26 silly addNameRange     '0.12.35',
26 silly addNameRange     '0.13.0-rc.3',
26 silly addNameRange     '0.12.36',
26 silly addNameRange     '0.13.0-rc.4' ] ]
27 verbose addNamed [ 'karma', '0.12.36' ]
28 verbose addNamed [ '0.12.36', '0.12.36' ]
29 silly lockFile 84ba1009-karma-0-12-36 karma@0.12.36
30 verbose lock karma@0.12.36 /Users/caleb.king/.npm/84ba1009-karma-0-12-36.lock
31 silly lockFile 84ba1009-karma-0-12-36 karma@0.12.36
32 silly lockFile 84ba1009-karma-0-12-36 karma@0.12.36
33 silly lockFile cd7961bb-karma karma@
34 silly lockFile cd7961bb-karma karma@
35 error Error: EACCES, open '/Users/caleb.king/.npm/karma/0.12.36/package/package.json'
35 error  { [Error: EACCES, open '/Users/caleb.king/.npm/karma/0.12.36/package/package.json']
35 error   errno: 3,
35 error   code: 'EACCES',
35 error   path: '/Users/caleb.king/.npm/karma/0.12.36/package/package.json' }
36 error Please try running this command again as root/Administrator.
37 error System Darwin 14.3.0
38 error command "node" "/usr/local/bin/npm" "install" "-g" "karma"
39 error cwd /Users/caleb.king/Documents/coding practice/CalebKing3 website
40 error node -v v0.10.29
41 error npm -v 1.4.14
42 error path /Users/caleb.king/.npm/karma/0.12.36/package/package.json
43 error code EACCES
44 error errno 3
45 error stack Error: EACCES, open '/Users/caleb.king/.npm/karma/0.12.36/package/package.json'
46 verbose exit [ 3, true ]
